0	1	mikroCARM.exe -MSF -DBG -pSTM32F107VC -BIN -LHF -DL -SSA -O11111114 -fo72 -N"D:\Clicks_git\G\GSM_GNSS_2_Click\SW\example\c\ARM\STM\Click_GSM_GNSS_2_STM.mcpar" -SP"C:\Users\Public\Documents\Mikroelektronika\mikroC PRO for ARM\Defs\" -SP"C:\Users\Public\Documents\Mikroelektronika\mikroC PRO for ARM\Uses\ST M3\" -SP"D:\Clicks_git\G\GSM_GNSS_2_Click\SW\example\c\ARM\STM\" -SP"D:\Clicks_git\G\GSM_GNSS_2_Click\SW\library\HAL\" -SP"D:\Clicks_git\G\GSM_GNSS_2_Click\SW\library\" -SP"C:\Users\Public\Documents\Mikroelektronika\mikroC PRO for ARM\Packages\mikroBUS Board Definition API\Uses\" -IP"C:\Users\Public\Documents\Mikroelektronika\mikroC PRO for ARM\Uses\ST M3\" -IP"D:\Clicks_git\G\GSM_GNSS_2_Click\SW\example\c\ARM\STM\" -IP"D:\Clicks_git\G\GSM_GNSS_2_Click\SW\library\" -IP"D:\Clicks_git\G\GSM_GNSS_2_Click\SW\library\HAL\" -IP"C:\Users\Public\Documents\Mikroelektronika\mikroC PRO for ARM\Packages\mikroBUS Board Definition API\Uses\" "Click_GSM_GNSS_2_STM.c" "__gsmgnss2_driver.c" "__Lib_Math.emcl" "__Lib_MathDouble.emcl" "__Lib_Delays.emcl" "__Lib_System_105_107.emcl" "__Lib_GPIO_32F10x_Defs.emcl" "__Lib_GPIO_32F10x.emcl" "__Lib_CString.emcl" "__Lib_Conversions.emcl" "__Lib_UART_123_45.emcl" "easymx_v7_STM32F107VC.emcl" "Click_GSM_GNSS_2.pld"	 
diagnostics: 0	122	Compilation Started	stdint.h
hint: 0	1004	interrupt handler (Timer_interrupt at 0x002C)	click_gsm_gnss_2_timer.h
diagnostics: 137	123	Compiled Successfully	Click_GSM_GNSS_2_STM.c
hint: 60	1164	Variable 'tmp' has been eliminated by optimizer	Click_GSM_GNSS_2_STM.c
hint: 58	1164	Variable 'evArgs' has been eliminated by optimizer	Click_GSM_GNSS_2_STM.c
diagnostics: 0	122	Compilation Started	stdint.h
diagnostics: 815	123	Compiled Successfully	__gsmgnss2_driver.c
hint: 217	1164	Variable 'tmp' has been eliminated by optimizer	__gsmgnss2_driver.c
hint: 135	1164	Variable 'tmp' has been eliminated by optimizer	__gsmgnss2_driver.c
hint: 341	1164	Variable 'tmp' has been eliminated by optimizer	__gsmgnss2_driver.c
hint: 352	1164	Variable 'tmp' has been eliminated by optimizer	__gsmgnss2_driver.c
hint: 750	1164	Variable 'tmp' has been eliminated by optimizer	__gsmgnss2_driver.c
diagnostics: 0	127	All files Compiled in 187 ms	 
hint: 0	1144	Used RX: 16 (100%)   Free RX: 0 (0%)	Used RX: 16 (100%)   Free RX: 0 (0%)
hint: 0	1144	Static RAM (bytes): 1363   Dynamic RAM (bytes): 64169	Static RAM (bytes): 1363   Dynamic RAM (bytes): 64169
hint: 0	1144	Used ROM (bytes): 9637 (4%)  Free ROM (bytes): 252507 (96%)	Used ROM (bytes): 9637 (4%)  Free ROM (bytes): 252507 (96%)
diagnostics: 0	125	Project Linked Successfully	Click_GSM_GNSS_2_STM.mcpar
diagnostics: 0	128	Linked in 359 ms	 
diagnostics: 0	129	Project 'Click_GSM_GNSS_2_STM.mcpar' completed: 703 ms	 
diagnostics: 0	103	Finished successfully: 25 jan 2019, 11:20:08	Click_GSM_GNSS_2_STM.mcpar
